[debug] [2022-11-21T14:57:28.730Z] ----------------------------------------------------------------------
[debug] [2022-11-21T14:57:28.733Z] Command:       C:\Program Files\nodejs\node.exe C:\Users\MDW\AppData\Roaming\npm\node_modules\firebase-tools\lib\bin\firebase.js deploy
[debug] [2022-11-21T14:57:28.734Z] CLI Version:   10.6.0
[debug] [2022-11-21T14:57:28.734Z] Platform:      win32
[debug] [2022-11-21T14:57:28.734Z] Node Version:  v16.14.2
[debug] [2022-11-21T14:57:28.735Z] Time:          Mon Nov 21 2022 19:57:28 GMT+0500 (Pakistan Standard Time)
[debug] [2022-11-21T14:57:28.736Z] ----------------------------------------------------------------------
[debug] 
[debug] [2022-11-21T14:57:28.844Z] > command requires scopes: ["email","openid","https://www.googleapis.com/auth/cloudplatformprojects.readonly","https://www.googleapis.com/auth/firebase","https://www.googleapis.com/auth/cloud-platform"]
[debug] [2022-11-21T14:57:28.845Z] > authorizing via signed-in user (cocobutter128@gmail.com)
[debug] [2022-11-21T14:57:28.845Z] [iam] checking project posts-app-with-database for permissions ["firebase.projects.get","firebasehosting.sites.update"]
[debug] [2022-11-21T14:57:28.848Z] > refreshing access token with scopes: []
[debug] [2022-11-21T14:57:28.849Z] >>> HTTP REQUEST POST https://www.googleapis.com/oauth2/v3/token  
 <request body omitted>
[debug] [2022-11-21T14:57:29.582Z] <<< HTTP RESPONSE 200 {"pragma":"no-cache","expires":"Mon, 01 Jan 1990 00:00:00 GMT","cache-control":"no-cache, no-store, max-age=0, must-revalidate","date":"Mon, 21 Nov 2022 14:54:24 GMT","content-type":"application/json; charset=utf-8","vary":"X-Origin, Referer, Origin,Accept-Encoding","server":"scaffolding on HTTPServer2","x-xss-protection":"0","x-frame-options":"SAMEORIGIN","x-content-type-options":"nosniff","alt-svc":"h3=\":443\"; ma=2592000,h3-29=\":443\"; ma=2592000,h3-Q050=\":443\"; ma=2592000,h3-Q046=\":443\"; ma=2592000,h3-Q043=\":443\"; ma=2592000,quic=\":443\"; ma=2592000; v=\"46,43\"","accept-ranges":"none","transfer-encoding":"chunked"}
[debug] [2022-11-21T14:57:29.830Z] >>> [apiv2][query] POST https://cloudresourcemanager.googleapis.com/v1/projects/posts-app-with-database:testIamPermissions [none]
[debug] [2022-11-21T14:57:29.830Z] >>> [apiv2][body] POST https://cloudresourcemanager.googleapis.com/v1/projects/posts-app-with-database:testIamPermissions {"permissions":["firebase.projects.get","firebasehosting.sites.update"]}
[debug] [2022-11-21T14:57:31.706Z] <<< [apiv2][status] POST https://cloudresourcemanager.googleapis.com/v1/projects/posts-app-with-database:testIamPermissions 200
[debug] [2022-11-21T14:57:31.706Z] <<< [apiv2][body] POST https://cloudresourcemanager.googleapis.com/v1/projects/posts-app-with-database:testIamPermissions {"permissions":["firebase.projects.get","firebasehosting.sites.update"]}
[debug] [2022-11-21T14:57:31.710Z] >>> [apiv2][query] GET https://firebase.googleapis.com/v1beta1/projects/posts-app-with-database [none]
[debug] [2022-11-21T14:57:32.597Z] <<< [apiv2][status] GET https://firebase.googleapis.com/v1beta1/projects/posts-app-with-database 200
[debug] [2022-11-21T14:57:32.598Z] <<< [apiv2][body] GET https://firebase.googleapis.com/v1beta1/projects/posts-app-with-database {"projectId":"posts-app-with-database","projectNumber":"645970223404","displayName":"Posts app with database","name":"projects/posts-app-with-database","resources":{"hostingSite":"posts-app-with-database","storageBucket":"posts-app-with-database.appspot.com","locationId":"us-central"},"state":"ACTIVE","etag":"1_53c2d82b-0b9a-4139-9059-8d2ab94dd58c"}
[info] 
[info] === Deploying to 'posts-app-with-database'...
[info] 
[info] i  deploying hosting 
[debug] [2022-11-21T14:57:32.606Z] >>> [apiv2][query] GET https://firebase.googleapis.com/v1beta1/projects/posts-app-with-database [none]
[debug] [2022-11-21T14:57:33.491Z] <<< [apiv2][status] GET https://firebase.googleapis.com/v1beta1/projects/posts-app-with-database 200
[debug] [2022-11-21T14:57:33.492Z] <<< [apiv2][body] GET https://firebase.googleapis.com/v1beta1/projects/posts-app-with-database {"projectId":"posts-app-with-database","projectNumber":"645970223404","displayName":"Posts app with database","name":"projects/posts-app-with-database","resources":{"hostingSite":"posts-app-with-database","storageBucket":"posts-app-with-database.appspot.com","locationId":"us-central"},"state":"ACTIVE","etag":"1_53c2d82b-0b9a-4139-9059-8d2ab94dd58c"}
[debug] [2022-11-21T14:57:33.497Z] >>> [apiv2][query] POST https://firebasehosting.googleapis.com/v1beta1/projects/645970223404/sites/posts-app-with-database/versions [none]
[debug] [2022-11-21T14:57:33.497Z] >>> [apiv2][body] POST https://firebasehosting.googleapis.com/v1beta1/projects/645970223404/sites/posts-app-with-database/versions {"config":{"rewrites":[{"glob":"**","path":"/index.html"}]},"labels":{"deployment-tool":"cli-firebase"}}
[debug] [2022-11-21T14:57:36.231Z] <<< [apiv2][status] POST https://firebasehosting.googleapis.com/v1beta1/projects/645970223404/sites/posts-app-with-database/versions 200
[debug] [2022-11-21T14:57:36.232Z] <<< [apiv2][body] POST https://firebasehosting.googleapis.com/v1beta1/projects/645970223404/sites/posts-app-with-database/versions {"name":"projects/645970223404/sites/posts-app-with-database/versions/ba8b51b54331738f","status":"CREATED","config":{"rewrites":[{"glob":"**","path":"/index.html"}]},"labels":{"deployment-tool":"cli-firebase"}}
[info] i  hosting[posts-app-with-database]: beginning deploy... 
[info] i  hosting[posts-app-with-database]: found 16 files in build 
[debug] [2022-11-21T14:57:36.257Z] [hosting] uploading with 200 concurrency
[debug] [2022-11-21T14:57:36.968Z] [hosting] hash cache [YnVpbGQ] stored for 16 files
[debug] [2022-11-21T14:57:36.968Z] [hosting][hash queue][FINAL] {"max":701,"min":4,"avg":61.375,"active":0,"complete":16,"success":16,"errored":0,"retried":0,"total":16,"elapsed":709}
[debug] [2022-11-21T14:57:36.969Z] >>> [apiv2][query] POST https://firebasehosting.googleapis.com/v1beta1/projects/645970223404/sites/posts-app-with-database/versions/ba8b51b54331738f:populateFiles [none]
[debug] [2022-11-21T14:57:36.969Z] >>> [apiv2][body] POST https://firebasehosting.googleapis.com/v1beta1/projects/645970223404/sites/posts-app-with-database/versions/ba8b51b54331738f:populateFiles {"files":{"/favicon.ico":"eae62e993eb980ec8a25058c39d5a51feab118bd2100c4deebb2a9c158ec11f9","/logo192.png":"3ee59515172ee198f3be375979df15ac5345183e656720a381b8872b2a39dc8b","/logo512.png":"ee7e2f3fdb8209c4b6fd7bef6ba50d1b9dba30a25bb5c3126df057e1cb6f5331","/manifest.json":"aff3449bdc238776f5d6d967f19ec491b36aed5fb7f23ccff6500736fd58494a","/robots.txt":"bfe106a3fb878dc83461c86818bf74fc1bdc7f28538ba613cd3e775516ce8b49","/asset-manifest.json":"ecbfcf16cef944ba234ddafed0dfad78b4fa1c15b99bc7f54c703d1259722869","/index.html":"769bcae3e9b093a34f1c4508691ae35f6b7e8715af53004de4de90357cf728ab","/static/js/787.3183f818.chunk.js":"b1b3e0b87ccb62efd49f69229c5f85efe539b080b1b048302d5e7c44b207ae1b","/static/js/787.3183f818.chunk.js.map":"884580d3beb937828d310482b3eb8a97c3e9c292bbee27c8635b6d99b6e29375","/static/js/main.68bcaeb0.js.LICENSE.txt":"eada1aa922a4f1770a6ad7698d42732850853c59447de097f24fa8091ee81644","/static/media/logout.9d67b99ab930ab9d721b.png":"3e712cead653e4ee989321e105ad379f09816fadfde95a43105a0c429a3d6b2d","/static/media/reset.090977d628d7e3898f94.png":"c4b7465844e4507676a39e2b3ae52f494b0fd5f63d4af004a1ce1983738af33e","/static/css/main.6ae0150c.css":"547126440e8db1b273655a2fb89373d755ff4f71df4c34fae722eeb03d992720","/static/css/main.6ae0150c.css.map":"635c642c888d3b186b9904ff9285579884fb16a546903989cde10f4e3fc34e73","/static/js/main.68bcaeb0.js":"55dcad888c3083028ae1fbc5b0712005527c1e577f7898d53e28f364662e1904","/static/js/main.68bcaeb0.js.map":"927bcaf482473014702dcd39290054cad2c57ee62c13358795060adfbc048aec"}}
[debug] [2022-11-21T14:57:38.990Z] <<< [apiv2][status] POST https://firebasehosting.googleapis.com/v1beta1/projects/645970223404/sites/posts-app-with-database/versions/ba8b51b54331738f:populateFiles 200
[debug] [2022-11-21T14:57:38.990Z] <<< [apiv2][body] POST https://firebasehosting.googleapis.com/v1beta1/projects/645970223404/sites/posts-app-with-database/versions/ba8b51b54331738f:populateFiles {"uploadRequiredHashes":["635c642c888d3b186b9904ff9285579884fb16a546903989cde10f4e3fc34e73","769bcae3e9b093a34f1c4508691ae35f6b7e8715af53004de4de90357cf728ab","927bcaf482473014702dcd39290054cad2c57ee62c13358795060adfbc048aec","ecbfcf16cef944ba234ddafed0dfad78b4fa1c15b99bc7f54c703d1259722869","55dcad888c3083028ae1fbc5b0712005527c1e577f7898d53e28f364662e1904","547126440e8db1b273655a2fb89373d755ff4f71df4c34fae722eeb03d992720"],"uploadUrl":"https://upload-firebasehosting.googleapis.com/upload/sites/posts-app-with-database/versions/ba8b51b54331738f/files"}
[debug] [2022-11-21T14:57:38.995Z] >>> [apiv2][query] POST https://upload-firebasehosting.googleapis.com/upload/sites/posts-app-with-database/versions/ba8b51b54331738f/files/635c642c888d3b186b9904ff9285579884fb16a546903989cde10f4e3fc34e73 [none]
[debug] [2022-11-21T14:57:38.995Z] >>> [apiv2][body] POST https://upload-firebasehosting.googleapis.com/upload/sites/posts-app-with-database/versions/ba8b51b54331738f/files/635c642c888d3b186b9904ff9285579884fb16a546903989cde10f4e3fc34e73 [stream]
[debug] [2022-11-21T14:57:38.997Z] >>> [apiv2][query] POST https://upload-firebasehosting.googleapis.com/upload/sites/posts-app-with-database/versions/ba8b51b54331738f/files/769bcae3e9b093a34f1c4508691ae35f6b7e8715af53004de4de90357cf728ab [none]
[debug] [2022-11-21T14:57:38.997Z] >>> [apiv2][body] POST https://upload-firebasehosting.googleapis.com/upload/sites/posts-app-with-database/versions/ba8b51b54331738f/files/769bcae3e9b093a34f1c4508691ae35f6b7e8715af53004de4de90357cf728ab [stream]
[debug] [2022-11-21T14:57:38.999Z] >>> [apiv2][query] POST https://upload-firebasehosting.googleapis.com/upload/sites/posts-app-with-database/versions/ba8b51b54331738f/files/927bcaf482473014702dcd39290054cad2c57ee62c13358795060adfbc048aec [none]
[debug] [2022-11-21T14:57:38.999Z] >>> [apiv2][body] POST https://upload-firebasehosting.googleapis.com/upload/sites/posts-app-with-database/versions/ba8b51b54331738f/files/927bcaf482473014702dcd39290054cad2c57ee62c13358795060adfbc048aec [stream]
[debug] [2022-11-21T14:57:39.002Z] >>> [apiv2][query] POST https://upload-firebasehosting.googleapis.com/upload/sites/posts-app-with-database/versions/ba8b51b54331738f/files/ecbfcf16cef944ba234ddafed0dfad78b4fa1c15b99bc7f54c703d1259722869 [none]
[debug] [2022-11-21T14:57:39.002Z] >>> [apiv2][body] POST https://upload-firebasehosting.googleapis.com/upload/sites/posts-app-with-database/versions/ba8b51b54331738f/files/ecbfcf16cef944ba234ddafed0dfad78b4fa1c15b99bc7f54c703d1259722869 [stream]
[debug] [2022-11-21T14:57:39.004Z] >>> [apiv2][query] POST https://upload-firebasehosting.googleapis.com/upload/sites/posts-app-with-database/versions/ba8b51b54331738f/files/55dcad888c3083028ae1fbc5b0712005527c1e577f7898d53e28f364662e1904 [none]
[debug] [2022-11-21T14:57:39.004Z] >>> [apiv2][body] POST https://upload-firebasehosting.googleapis.com/upload/sites/posts-app-with-database/versions/ba8b51b54331738f/files/55dcad888c3083028ae1fbc5b0712005527c1e577f7898d53e28f364662e1904 [stream]
[debug] [2022-11-21T14:57:39.007Z] >>> [apiv2][query] POST https://upload-firebasehosting.googleapis.com/upload/sites/posts-app-with-database/versions/ba8b51b54331738f/files/547126440e8db1b273655a2fb89373d755ff4f71df4c34fae722eeb03d992720 [none]
[debug] [2022-11-21T14:57:39.007Z] >>> [apiv2][body] POST https://upload-firebasehosting.googleapis.com/upload/sites/posts-app-with-database/versions/ba8b51b54331738f/files/547126440e8db1b273655a2fb89373d755ff4f71df4c34fae722eeb03d992720 [stream]
[debug] [2022-11-21T14:57:39.009Z] [hosting][populate queue][FINAL] {"max":2028,"min":2028,"avg":2028,"active":0,"complete":1,"success":1,"errored":0,"retried":0,"total":1,"elapsed":2043}
[debug] [2022-11-21T14:57:39.010Z] [hosting] uploads queued: 6
[debug] [2022-11-21T14:57:41.027Z] <<< [apiv2][status] POST https://upload-firebasehosting.googleapis.com/upload/sites/posts-app-with-database/versions/ba8b51b54331738f/files/769bcae3e9b093a34f1c4508691ae35f6b7e8715af53004de4de90357cf728ab 200
[debug] [2022-11-21T14:57:41.028Z] <<< [apiv2][body] POST https://upload-firebasehosting.googleapis.com/upload/sites/posts-app-with-database/versions/ba8b51b54331738f/files/769bcae3e9b093a34f1c4508691ae35f6b7e8715af53004de4de90357cf728ab [stream]
[debug] [2022-11-21T14:57:41.029Z] <<< [apiv2][status] POST https://upload-firebasehosting.googleapis.com/upload/sites/posts-app-with-database/versions/ba8b51b54331738f/files/ecbfcf16cef944ba234ddafed0dfad78b4fa1c15b99bc7f54c703d1259722869 200
[debug] [2022-11-21T14:57:41.030Z] <<< [apiv2][body] POST https://upload-firebasehosting.googleapis.com/upload/sites/posts-app-with-database/versions/ba8b51b54331738f/files/ecbfcf16cef944ba234ddafed0dfad78b4fa1c15b99bc7f54c703d1259722869 [stream]
[debug] [2022-11-21T14:57:41.292Z] <<< [apiv2][status] POST https://upload-firebasehosting.googleapis.com/upload/sites/posts-app-with-database/versions/ba8b51b54331738f/files/547126440e8db1b273655a2fb89373d755ff4f71df4c34fae722eeb03d992720 200
[debug] [2022-11-21T14:57:41.292Z] <<< [apiv2][body] POST https://upload-firebasehosting.googleapis.com/upload/sites/posts-app-with-database/versions/ba8b51b54331738f/files/547126440e8db1b273655a2fb89373d755ff4f71df4c34fae722eeb03d992720 [stream]
[debug] [2022-11-21T14:57:41.378Z] <<< [apiv2][status] POST https://upload-firebasehosting.googleapis.com/upload/sites/posts-app-with-database/versions/ba8b51b54331738f/files/635c642c888d3b186b9904ff9285579884fb16a546903989cde10f4e3fc34e73 200
[debug] [2022-11-21T14:57:41.378Z] <<< [apiv2][body] POST https://upload-firebasehosting.googleapis.com/upload/sites/posts-app-with-database/versions/ba8b51b54331738f/files/635c642c888d3b186b9904ff9285579884fb16a546903989cde10f4e3fc34e73 [stream]
[debug] [2022-11-21T14:57:42.577Z] <<< [apiv2][status] POST https://upload-firebasehosting.googleapis.com/upload/sites/posts-app-with-database/versions/ba8b51b54331738f/files/55dcad888c3083028ae1fbc5b0712005527c1e577f7898d53e28f364662e1904 200
[debug] [2022-11-21T14:57:42.577Z] <<< [apiv2][body] POST https://upload-firebasehosting.googleapis.com/upload/sites/posts-app-with-database/versions/ba8b51b54331738f/files/55dcad888c3083028ae1fbc5b0712005527c1e577f7898d53e28f364662e1904 [stream]
